[0520/091013.835:ERROR:process_reader_win.cc(123)] NtOpenThread: {Acesso Negado} Um processo solicitou acesso a um objeto, mas o direito de acesso não lhe foi concedido. (0xc0000022)
[0520/091013.857:ERROR:process_reader_win.cc(123)] NtOpenThread: {Acesso Negado} Um processo solicitou acesso a um objeto, mas o direito de acesso não lhe foi concedido. (0xc0000022)
[0520/091013.869:ERROR:exception_snapshot_win.cc(98)] thread ID 4400 not found in process
[0520/091013.869:ERROR:exception_snapshot_win.cc(98)] thread ID 8764 not found in process
[0520/103042.313:ERROR:process_info.cc(329)] VirtualQueryEx: Acesso negado. (0x5)
[0520/103042.318:ERROR:process_info.cc(556)] ReadMemoryInfo failed
[0520/103042.318:ERROR:scoped_process_suspend.cc(40)] NtResumeProcess: Tentou-se acessar um processo de saída. (0xc000010a)
[0520/115907.697:ERROR:process_reader_win.cc(123)] NtOpenThread: {Acesso Negado} Um processo solicitou acesso a um objeto, mas o direito de acesso não lhe foi concedido. (0xc0000022)
[0520/115907.715:ERROR:exception_snapshot_win.cc(98)] thread ID 10552 not found in process
[0520/115907.867:ERROR:process_reader_win.cc(123)] NtOpenThread: {Acesso Negado} Um processo solicitou acesso a um objeto, mas o direito de acesso não lhe foi concedido. (0xc0000022)
[0520/115907.867:ERROR:exception_snapshot_win.cc(98)] thread ID 8088 not found in process
[0521/082400.691:ERROR:process_reader_win.cc(123)] NtOpenThread: {Acesso Negado} Um processo solicitou acesso a um objeto, mas o direito de acesso não lhe foi concedido. (0xc0000022)
[0521/082400.724:ERROR:process_reader_win.cc(123)] NtOpenThread: {Acesso Negado} Um processo solicitou acesso a um objeto, mas o direito de acesso não lhe foi concedido. (0xc0000022)
[0521/082400.738:ERROR:exception_snapshot_win.cc(98)] thread ID 2748 not found in process
[0521/082400.738:ERROR:exception_snapshot_win.cc(98)] thread ID 7536 not found in process
[0521/092413.395:ERROR:process_reader_win.cc(123)] NtOpenThread: {Acesso Negado} Um processo solicitou acesso a um objeto, mas o direito de acesso não lhe foi concedido. (0xc0000022)
[0521/092413.405:ERROR:process_reader_win.cc(123)] NtOpenThread: {Acesso Negado} Um processo solicitou acesso a um objeto, mas o direito de acesso não lhe foi concedido. (0xc0000022)
[0521/092413.407:ERROR:exception_snapshot_win.cc(98)] thread ID 8780 not found in process
[0521/092413.407:ERROR:exception_snapshot_win.cc(98)] thread ID 9580 not found in process
[0521/111219.283:ERROR:process_reader_win.cc(123)] NtOpenThread: {Acesso Negado} Um processo solicitou acesso a um objeto, mas o direito de acesso não lhe foi concedido. (0xc0000022)
[0521/111219.436:ERROR:exception_snapshot_win.cc(98)] thread ID 7800 not found in process
[0521/111219.451:ERROR:process_reader_win.cc(123)] NtOpenThread: {Acesso Negado} Um processo solicitou acesso a um objeto, mas o direito de acesso não lhe foi concedido. (0xc0000022)
[0521/111219.451:ERROR:exception_snapshot_win.cc(98)] thread ID 7332 not found in process
[0521/112020.057:ERROR:process_reader_win.cc(123)] NtOpenThread: {Acesso Negado} Um processo solicitou acesso a um objeto, mas o direito de acesso não lhe foi concedido. (0xc0000022)
[0521/112020.058:ERROR:exception_snapshot_win.cc(98)] thread ID 6664 not found in process
[0521/112020.058:ERROR:process_reader_win.cc(123)] NtOpenThread: {Acesso Negado} Um processo solicitou acesso a um objeto, mas o direito de acesso não lhe foi concedido. (0xc0000022)
[0521/112020.058:ERROR:exception_snapshot_win.cc(98)] thread ID 10036 not found in process
[0521/112548.051:ERROR:process_reader_win.cc(123)] NtOpenThread: {Acesso Negado} Um processo solicitou acesso a um objeto, mas o direito de acesso não lhe foi concedido. (0xc0000022)
[0521/112548.052:ERROR:exception_snapshot_win.cc(98)] thread ID 5028 not found in process
[0521/112548.079:ERROR:process_reader_win.cc(123)] NtOpenThread: {Acesso Negado} Um processo solicitou acesso a um objeto, mas o direito de acesso não lhe foi concedido. (0xc0000022)
[0521/112548.079:ERROR:exception_snapshot_win.cc(98)] thread ID 7604 not found in process
[0521/112753.787:ERROR:process_reader_win.cc(123)] NtOpenThread: {Acesso Negado} Um processo solicitou acesso a um objeto, mas o direito de acesso não lhe foi concedido. (0xc0000022)
[0521/112753.787:ERROR:exception_snapshot_win.cc(98)] thread ID 9536 not found in process
[0521/112753.828:ERROR:process_info.cc(329)] VirtualQueryEx: Acesso negado. (0x5)
[0521/112753.829:ERROR:process_info.cc(556)] ReadMemoryInfo failed
[0521/112753.829:ERROR:process_memory_win.cc(39)] Failed to initialize ProcessInfo.
[0521/112753.829:ERROR:scoped_process_suspend.cc(40)] NtResumeProcess: Tentou-se acessar um processo de saída. (0xc000010a)
[0521/112753.857:ERROR:process_reader_win.cc(123)] NtOpenThread: {Acesso Negado} Um processo solicitou acesso a um objeto, mas o direito de acesso não lhe foi concedido. (0xc0000022)
[0521/112753.857:ERROR:exception_snapshot_win.cc(98)] thread ID 10036 not found in process
[0521/112822.488:ERROR:process_reader_win.cc(123)] NtOpenThread: {Acesso Negado} Um processo solicitou acesso a um objeto, mas o direito de acesso não lhe foi concedido. (0xc0000022)
[0521/112822.489:ERROR:exception_snapshot_win.cc(98)] thread ID 7040 not found in process
[0521/112822.519:ERROR:process_info.cc(329)] VirtualQueryEx: Acesso negado. (0x5)
[0521/112822.519:ERROR:process_info.cc(556)] ReadMemoryInfo failed
[0521/112822.519:ERROR:process_memory_win.cc(39)] Failed to initialize ProcessInfo.
[0521/112822.519:ERROR:scoped_process_suspend.cc(40)] NtResumeProcess: Tentou-se acessar um processo de saída. (0xc000010a)
[0521/113202.262:ERROR:process_reader_win.cc(123)] NtOpenThread: {Acesso Negado} Um processo solicitou acesso a um objeto, mas o direito de acesso não lhe foi concedido. (0xc0000022)
[0521/113202.268:ERROR:exception_snapshot_win.cc(98)] thread ID 8408 not found in process
[0521/113202.268:ERROR:process_reader_win.cc(123)] NtOpenThread: {Acesso Negado} Um processo solicitou acesso a um objeto, mas o direito de acesso não lhe foi concedido. (0xc0000022)
[0521/113202.268:ERROR:exception_snapshot_win.cc(98)] thread ID 7192 not found in process
[0521/113353.416:ERROR:process_reader_win.cc(123)] NtOpenThread: {Acesso Negado} Um processo solicitou acesso a um objeto, mas o direito de acesso não lhe foi concedido. (0xc0000022)
[0521/113353.417:ERROR:exception_snapshot_win.cc(98)] thread ID 6380 not found in process
[0521/113353.418:ERROR:process_reader_win.cc(123)] NtOpenThread: {Acesso Negado} Um processo solicitou acesso a um objeto, mas o direito de acesso não lhe foi concedido. (0xc0000022)
[0521/113353.418:ERROR:exception_snapshot_win.cc(98)] thread ID 8284 not found in process
[0521/113353.447:ERROR:process_info.cc(329)] VirtualQueryEx: Acesso negado. (0x5)
[0521/113353.448:ERROR:process_info.cc(556)] ReadMemoryInfo failed
[0521/113353.448:ERROR:process_memory_win.cc(39)] Failed to initialize ProcessInfo.
[0521/113353.448:ERROR:scoped_process_suspend.cc(40)] NtResumeProcess: Tentou-se acessar um processo de saída. (0xc000010a)
[0521/113856.052:ERROR:process_reader_win.cc(123)] NtOpenThread: {Acesso Negado} Um processo solicitou acesso a um objeto, mas o direito de acesso não lhe foi concedido. (0xc0000022)
[0521/113856.053:ERROR:exception_snapshot_win.cc(98)] thread ID 9596 not found in process
[0521/113856.091:ERROR:process_info.cc(329)] VirtualQueryEx: Acesso negado. (0x5)
[0521/113856.092:ERROR:process_info.cc(556)] ReadMemoryInfo failed
[0521/113856.092:ERROR:process_memory_win.cc(39)] Failed to initialize ProcessInfo.
[0521/113856.092:ERROR:scoped_process_suspend.cc(40)] NtResumeProcess: Tentou-se acessar um processo de saída. (0xc000010a)
[0521/114543.997:ERROR:process_reader_win.cc(151)] SuspendThread: Acesso negado. (0x5)
[0521/114543.998:ERROR:process_reader_win.cc(151)] SuspendThread: Acesso negado. (0x5)
[0521/114543.998:ERROR:process_reader_win.cc(151)] SuspendThread: Acesso negado. (0x5)
[0521/114543.998:ERROR:process_reader_win.cc(151)] SuspendThread: Acesso negado. (0x5)
[0521/114543.998:ERROR:process_reader_win.cc(151)] SuspendThread: Acesso negado. (0x5)
[0521/114543.998:ERROR:process_reader_win.cc(123)] NtOpenThread: {Acesso Negado} Um processo solicitou acesso a um objeto, mas o direito de acesso não lhe foi concedido. (0xc0000022)
[0521/114543.999:ERROR:exception_snapshot_win.cc(98)] thread ID 1208 not found in process
[0521/114544.050:ERROR:process_reader_win.cc(123)] NtOpenThread: {Acesso Negado} Um processo solicitou acesso a um objeto, mas o direito de acesso não lhe foi concedido. (0xc0000022)
[0521/114544.051:ERROR:exception_snapshot_win.cc(98)] thread ID 5536 not found in process
[0521/114544.059:ERROR:process_reader_win.cc(123)] NtOpenThread: {Acesso Negado} Um processo solicitou acesso a um objeto, mas o direito de acesso não lhe foi concedido. (0xc0000022)
[0521/114544.059:ERROR:process_reader_win.cc(123)] NtOpenThread: {Acesso Negado} Um processo solicitou acesso a um objeto, mas o direito de acesso não lhe foi concedido. (0xc0000022)
[0521/114544.059:ERROR:exception_snapshot_win.cc(98)] thread ID 8836 not found in process
[0521/114544.059:ERROR:exception_snapshot_win.cc(98)] thread ID 1388 not found in process
[0521/120802.406:ERROR:process_reader_win.cc(151)] SuspendThread: Acesso negado. (0x5)
[0521/120802.407:ERROR:process_reader_win.cc(151)] SuspendThread: Acesso negado. (0x5)
[0521/120802.408:ERROR:process_reader_win.cc(151)] SuspendThread: Acesso negado. (0x5)
[0521/120802.408:ERROR:process_reader_win.cc(151)] SuspendThread: Acesso negado. (0x5)
[0521/120802.408:ERROR:process_reader_win.cc(123)] NtOpenThread: {Acesso Negado} Um processo solicitou acesso a um objeto, mas o direito de acesso não lhe foi concedido. (0xc0000022)
[0521/120802.408:ERROR:exception_snapshot_win.cc(98)] thread ID 8908 not found in process
[0521/120802.414:ERROR:process_reader_win.cc(151)] SuspendThread: Acesso negado. (0x5)
[0521/120802.414:ERROR:process_reader_win.cc(123)] NtOpenThread: {Acesso Negado} Um processo solicitou acesso a um objeto, mas o direito de acesso não lhe foi concedido. (0xc0000022)
[0521/120802.414:ERROR:exception_snapshot_win.cc(98)] thread ID 10288 not found in process
[0521/125516.360:ERROR:process_reader_win.cc(123)] NtOpenThread: {Acesso Negado} Um processo solicitou acesso a um objeto, mas o direito de acesso não lhe foi concedido. (0xc0000022)
[0521/125516.379:ERROR:exception_snapshot_win.cc(98)] thread ID 7992 not found in process
[0522/071057.894:ERROR:process_reader_win.cc(123)] NtOpenThread: {Acesso Negado} Um processo solicitou acesso a um objeto, mas o direito de acesso não lhe foi concedido. (0xc0000022)
[0522/071057.919:ERROR:exception_snapshot_win.cc(98)] thread ID 3284 not found in process
[0522/071057.982:ERROR:process_info.cc(329)] VirtualQueryEx: Acesso negado. (0x5)
[0522/071057.983:ERROR:process_info.cc(556)] ReadMemoryInfo failed
[0522/071057.983:ERROR:process_memory_win.cc(39)] Failed to initialize ProcessInfo.
[0522/071057.984:ERROR:scoped_process_suspend.cc(40)] NtResumeProcess: Tentou-se acessar um processo de saída. (0xc000010a)
[0522/071959.080:ERROR:process_reader_win.cc(123)] NtOpenThread: {Acesso Negado} Um processo solicitou acesso a um objeto, mas o direito de acesso não lhe foi concedido. (0xc0000022)
[0522/071959.082:ERROR:process_reader_win.cc(123)] NtOpenThread: {Acesso Negado} Um processo solicitou acesso a um objeto, mas o direito de acesso não lhe foi concedido. (0xc0000022)
[0522/071959.083:ERROR:exception_snapshot_win.cc(98)] thread ID 8304 not found in process
[0522/071959.083:ERROR:exception_snapshot_win.cc(98)] thread ID 7268 not found in process
[0522/071959.089:ERROR:process_reader_win.cc(123)] NtOpenThread: {Acesso Negado} Um processo solicitou acesso a um objeto, mas o direito de acesso não lhe foi concedido. (0xc0000022)
[0522/071959.089:ERROR:exception_snapshot_win.cc(98)] thread ID 6092 not found in process
[0522/091924.555:ERROR:process_reader_win.cc(123)] NtOpenThread: {Acesso Negado} Um processo solicitou acesso a um objeto, mas o direito de acesso não lhe foi concedido. (0xc0000022)
[0522/091924.539:ERROR:process_reader_win.cc(123)] NtOpenThread: {Acesso Negado} Um processo solicitou acesso a um objeto, mas o direito de acesso não lhe foi concedido. (0xc0000022)
[0522/091924.724:ERROR:exception_snapshot_win.cc(98)] thread ID 7884 not found in process
[0522/091924.724:ERROR:exception_snapshot_win.cc(98)] thread ID 4664 not found in process
[0522/092705.397:ERROR:process_reader_win.cc(123)] NtOpenThread: {Acesso Negado} Um processo solicitou acesso a um objeto, mas o direito de acesso não lhe foi concedido. (0xc0000022)
[0522/092705.397:ERROR:exception_snapshot_win.cc(98)] thread ID 10432 not found in process
[0522/092705.425:ERROR:process_info.cc(329)] VirtualQueryEx: Acesso negado. (0x5)
[0522/092705.426:ERROR:process_info.cc(556)] ReadMemoryInfo failed
[0522/092705.426:ERROR:process_memory_win.cc(39)] Failed to initialize ProcessInfo.
[0522/092705.426:ERROR:scoped_process_suspend.cc(40)] NtResumeProcess: Tentou-se acessar um processo de saída. (0xc000010a)
[0522/093941.548:ERROR:process_reader_win.cc(123)] NtOpenThread: {Acesso Negado} Um processo solicitou acesso a um objeto, mas o direito de acesso não lhe foi concedido. (0xc0000022)
[0522/093941.549:ERROR:exception_snapshot_win.cc(98)] thread ID 8464 not found in process
[0522/093941.585:ERROR:process_info.cc(329)] VirtualQueryEx: Acesso negado. (0x5)
[0522/093941.585:ERROR:process_info.cc(556)] ReadMemoryInfo failed
[0522/093941.585:ERROR:process_memory_win.cc(39)] Failed to initialize ProcessInfo.
[0522/093941.585:ERROR:scoped_process_suspend.cc(40)] NtResumeProcess: Tentou-se acessar um processo de saída. (0xc000010a)
[0522/094135.387:ERROR:process_reader_win.cc(123)] NtOpenThread: {Acesso Negado} Um processo solicitou acesso a um objeto, mas o direito de acesso não lhe foi concedido. (0xc0000022)
[0522/094135.388:ERROR:exception_snapshot_win.cc(98)] thread ID 10844 not found in process
[0522/094135.429:ERROR:process_reader_win.cc(123)] NtOpenThread: {Acesso Negado} Um processo solicitou acesso a um objeto, mas o direito de acesso não lhe foi concedido. (0xc0000022)
[0522/094135.429:ERROR:exception_snapshot_win.cc(98)] thread ID 2236 not found in process
[0522/094135.429:ERROR:scoped_process_suspend.cc(40)] NtResumeProcess: Tentou-se acessar um processo de saída. (0xc000010a)
[0522/094135.441:ERROR:process_reader_win.cc(123)] NtOpenThread: {Acesso Negado} Um processo solicitou acesso a um objeto, mas o direito de acesso não lhe foi concedido. (0xc0000022)
[0522/094135.442:ERROR:exception_snapshot_win.cc(98)] thread ID 8176 not found in process
[0522/094726.049:ERROR:process_reader_win.cc(151)] SuspendThread: Acesso negado. (0x5)
[0522/094726.056:ERROR:process_reader_win.cc(151)] SuspendThread: Acesso negado. (0x5)
[0522/094726.056:ERROR:process_reader_win.cc(151)] SuspendThread: Acesso negado. (0x5)
[0522/094726.056:ERROR:process_reader_win.cc(151)] SuspendThread: Acesso negado. (0x5)
[0522/094726.056:ERROR:process_reader_win.cc(123)] NtOpenThread: {Acesso Negado} Um processo solicitou acesso a um objeto, mas o direito de acesso não lhe foi concedido. (0xc0000022)
[0522/094726.057:ERROR:exception_snapshot_win.cc(98)] thread ID 9528 not found in process
[0522/094726.079:ERROR:process_reader_win.cc(123)] NtOpenThread: {Acesso Negado} Um processo solicitou acesso a um objeto, mas o direito de acesso não lhe foi concedido. (0xc0000022)
[0522/094726.087:ERROR:exception_snapshot_win.cc(98)] thread ID 7600 not found in process
[0522/094726.087:ERROR:process_reader_win.cc(123)] NtOpenThread: {Acesso Negado} Um processo solicitou acesso a um objeto, mas o direito de acesso não lhe foi concedido. (0xc0000022)
[0522/094726.087:ERROR:exception_snapshot_win.cc(98)] thread ID 1376 not found in process
[0522/094726.092:ERROR:process_reader_win.cc(123)] NtOpenThread: {Acesso Negado} Um processo solicitou acesso a um objeto, mas o direito de acesso não lhe foi concedido. (0xc0000022)
[0522/094726.092:ERROR:exception_snapshot_win.cc(98)] thread ID 2884 not found in process
[0522/095248.691:ERROR:process_reader_win.cc(123)] NtOpenThread: {Acesso Negado} Um processo solicitou acesso a um objeto, mas o direito de acesso não lhe foi concedido. (0xc0000022)
[0522/095248.691:ERROR:exception_snapshot_win.cc(98)] thread ID 9988 not found in process
[0522/095248.722:ERROR:process_info.cc(329)] VirtualQueryEx: Acesso negado. (0x5)
[0522/095248.723:ERROR:process_info.cc(556)] ReadMemoryInfo failed
[0522/095248.723:ERROR:process_memory_win.cc(39)] Failed to initialize ProcessInfo.
[0522/095248.723:ERROR:scoped_process_suspend.cc(40)] NtResumeProcess: Tentou-se acessar um processo de saída. (0xc000010a)
[0522/095457.241:ERROR:process_reader_win.cc(123)] NtOpenThread: {Acesso Negado} Um processo solicitou acesso a um objeto, mas o direito de acesso não lhe foi concedido. (0xc0000022)
[0522/095457.242:ERROR:exception_snapshot_win.cc(98)] thread ID 164 not found in process
[0522/095457.259:ERROR:process_info.cc(329)] VirtualQueryEx: Acesso negado. (0x5)
[0522/095457.260:ERROR:process_info.cc(556)] ReadMemoryInfo failed
[0522/095457.265:ERROR:process_memory_win.cc(39)] Failed to initialize ProcessInfo.
[0522/095457.265:ERROR:scoped_process_suspend.cc(40)] NtResumeProcess: Tentou-se acessar um processo de saída. (0xc000010a)
[0522/100034.927:ERROR:process_reader_win.cc(123)] NtOpenThread: {Acesso Negado} Um processo solicitou acesso a um objeto, mas o direito de acesso não lhe foi concedido. (0xc0000022)
[0522/100034.927:ERROR:exception_snapshot_win.cc(98)] thread ID 4792 not found in process
[0522/100034.954:ERROR:process_info.cc(329)] VirtualQueryEx: Acesso negado. (0x5)
[0522/100034.955:ERROR:process_info.cc(556)] ReadMemoryInfo failed
[0522/100034.955:ERROR:process_memory_win.cc(39)] Failed to initialize ProcessInfo.
[0522/100034.955:ERROR:scoped_process_suspend.cc(40)] NtResumeProcess: Tentou-se acessar um processo de saída. (0xc000010a)
[0522/100535.092:ERROR:process_reader_win.cc(123)] NtOpenThread: {Acesso Negado} Um processo solicitou acesso a um objeto, mas o direito de acesso não lhe foi concedido. (0xc0000022)
[0522/100535.093:ERROR:exception_snapshot_win.cc(98)] thread ID 5060 not found in process
[0522/100535.111:ERROR:process_info.cc(329)] VirtualQueryEx: Acesso negado. (0x5)
[0522/100535.111:ERROR:process_info.cc(556)] ReadMemoryInfo failed
[0522/100535.111:ERROR:process_memory_win.cc(39)] Failed to initialize ProcessInfo.
[0522/100535.112:ERROR:scoped_process_suspend.cc(40)] NtResumeProcess: Tentou-se acessar um processo de saída. (0xc000010a)
[0522/101031.102:ERROR:process_reader_win.cc(151)] SuspendThread: Acesso negado. (0x5)
[0522/101031.103:ERROR:process_reader_win.cc(151)] SuspendThread: Acesso negado. (0x5)
[0522/101031.104:ERROR:process_reader_win.cc(151)] SuspendThread: Acesso negado. (0x5)
[0522/101031.104:ERROR:process_reader_win.cc(123)] NtOpenThread: {Acesso Negado} Um processo solicitou acesso a um objeto, mas o direito de acesso não lhe foi concedido. (0xc0000022)
[0522/101031.104:ERROR:exception_snapshot_win.cc(98)] thread ID 3028 not found in process
[0522/101031.150:ERROR:process_reader_win.cc(123)] NtOpenThread: {Acesso Negado} Um processo solicitou acesso a um objeto, mas o direito de acesso não lhe foi concedido. (0xc0000022)
[0522/101031.153:ERROR:exception_snapshot_win.cc(98)] thread ID 2636 not found in process
[0522/101031.154:ERROR:process_info.cc(329)] VirtualQueryEx: Acesso negado. (0x5)
[0522/101031.154:ERROR:process_info.cc(556)] ReadMemoryInfo failed
[0522/101031.154:ERROR:process_memory_win.cc(39)] Failed to initialize ProcessInfo.
[0522/101031.154:ERROR:scoped_process_suspend.cc(40)] NtResumeProcess: Tentou-se acessar um processo de saída. (0xc000010a)
[0522/101031.172:ERROR:process_reader_win.cc(123)] NtOpenThread: {Acesso Negado} Um processo solicitou acesso a um objeto, mas o direito de acesso não lhe foi concedido. (0xc0000022)
[0522/101031.172:ERROR:exception_snapshot_win.cc(98)] thread ID 10152 not found in process
[0522/101157.805:ERROR:process_reader_win.cc(123)] NtOpenThread: {Acesso Negado} Um processo solicitou acesso a um objeto, mas o direito de acesso não lhe foi concedido. (0xc0000022)
[0522/101157.806:ERROR:exception_snapshot_win.cc(98)] thread ID 9744 not found in process
[0522/101157.834:ERROR:process_reader_win.cc(123)] NtOpenThread: {Acesso Negado} Um processo solicitou acesso a um objeto, mas o direito de acesso não lhe foi concedido. (0xc0000022)
[0522/101157.834:ERROR:exception_snapshot_win.cc(98)] thread ID 4524 not found in process
[0522/101329.769:ERROR:process_reader_win.cc(151)] SuspendThread: Acesso negado. (0x5)
[0522/101329.770:ERROR:process_reader_win.cc(123)] NtOpenThread: {Acesso Negado} Um processo solicitou acesso a um objeto, mas o direito de acesso não lhe foi concedido. (0xc0000022)
[0522/101329.771:ERROR:exception_snapshot_win.cc(98)] thread ID 10736 not found in process
[0522/101329.780:ERROR:process_reader_win.cc(123)] NtOpenThread: {Acesso Negado} Um processo solicitou acesso a um objeto, mas o direito de acesso não lhe foi concedido. (0xc0000022)
[0522/101329.780:ERROR:exception_snapshot_win.cc(98)] thread ID 9948 not found in process
[0522/101329.807:ERROR:process_reader_win.cc(123)] NtOpenThread: {Acesso Negado} Um processo solicitou acesso a um objeto, mas o direito de acesso não lhe foi concedido. (0xc0000022)
[0522/101329.807:ERROR:exception_snapshot_win.cc(98)] thread ID 9868 not found in process
[0522/101435.767:ERROR:process_reader_win.cc(123)] NtOpenThread: {Acesso Negado} Um processo solicitou acesso a um objeto, mas o direito de acesso não lhe foi concedido. (0xc0000022)
[0522/101435.768:ERROR:exception_snapshot_win.cc(98)] thread ID 5396 not found in process
[0522/101435.770:ERROR:process_reader_win.cc(123)] NtOpenThread: {Acesso Negado} Um processo solicitou acesso a um objeto, mas o direito de acesso não lhe foi concedido. (0xc0000022)
[0522/101435.770:ERROR:exception_snapshot_win.cc(98)] thread ID 7636 not found in process
[0522/101736.237:ERROR:process_reader_win.cc(123)] NtOpenThread: {Acesso Negado} Um processo solicitou acesso a um objeto, mas o direito de acesso não lhe foi concedido. (0xc0000022)
[0522/101736.238:ERROR:exception_snapshot_win.cc(98)] thread ID 2292 not found in process
[0522/101736.250:ERROR:process_reader_win.cc(123)] NtOpenThread: {Acesso Negado} Um processo solicitou acesso a um objeto, mas o direito de acesso não lhe foi concedido. (0xc0000022)
[0522/101736.250:ERROR:exception_snapshot_win.cc(98)] thread ID 5396 not found in process
[0522/101736.251:ERROR:scoped_process_suspend.cc(40)] NtResumeProcess: Tentou-se acessar um processo de saída. (0xc000010a)
[0522/102709.819:ERROR:process_reader_win.cc(123)] NtOpenThread: {Acesso Negado} Um processo solicitou acesso a um objeto, mas o direito de acesso não lhe foi concedido. (0xc0000022)
[0522/102709.820:ERROR:exception_snapshot_win.cc(98)] thread ID 6416 not found in process
[0522/102709.834:ERROR:process_info.cc(329)] VirtualQueryEx: Acesso negado. (0x5)
[0522/102709.835:ERROR:process_info.cc(556)] ReadMemoryInfo failed
[0522/102709.835:ERROR:process_memory_win.cc(39)] Failed to initialize ProcessInfo.
[0522/102709.835:ERROR:scoped_process_suspend.cc(40)] NtResumeProcess: Tentou-se acessar um processo de saída. (0xc000010a)
[0522/103057.291:ERROR:process_reader_win.cc(123)] NtOpenThread: {Acesso Negado} Um processo solicitou acesso a um objeto, mas o direito de acesso não lhe foi concedido. (0xc0000022)
[0522/103057.292:ERROR:exception_snapshot_win.cc(98)] thread ID 7924 not found in process
[0522/103057.306:ERROR:process_info.cc(329)] VirtualQueryEx: Acesso negado. (0x5)
[0522/103057.314:ERROR:process_info.cc(556)] ReadMemoryInfo failed
[0522/103057.314:ERROR:process_memory_win.cc(39)] Failed to initialize ProcessInfo.
[0522/103057.314:ERROR:scoped_process_suspend.cc(40)] NtResumeProcess: Tentou-se acessar um processo de saída. (0xc000010a)
[0522/110332.893:ERROR:process_reader_win.cc(123)] NtOpenThread: {Acesso Negado} Um processo solicitou acesso a um objeto, mas o direito de acesso não lhe foi concedido. (0xc0000022)
[0522/110332.901:ERROR:exception_snapshot_win.cc(98)] thread ID 268 not found in process
[0522/110332.922:ERROR:process_reader_win.cc(123)] NtOpenThread: {Acesso Negado} Um processo solicitou acesso a um objeto, mas o direito de acesso não lhe foi concedido. (0xc0000022)
[0522/110332.922:ERROR:exception_snapshot_win.cc(98)] thread ID 8892 not found in process
[0522/113726.723:ERROR:process_reader_win.cc(123)] NtOpenThread: {Acesso Negado} Um processo solicitou acesso a um objeto, mas o direito de acesso não lhe foi concedido. (0xc0000022)
[0522/113726.729:ERROR:exception_snapshot_win.cc(98)] thread ID 1000 not found in process
[0522/113726.739:ERROR:process_info.cc(329)] VirtualQueryEx: Acesso negado. (0x5)
[0522/113726.739:ERROR:process_info.cc(556)] ReadMemoryInfo failed
[0522/113726.739:ERROR:process_memory_win.cc(39)] Failed to initialize ProcessInfo.
[0522/113726.739:ERROR:scoped_process_suspend.cc(40)] NtResumeProcess: Tentou-se acessar um processo de saída. (0xc000010a)
[0522/114027.330:ERROR:process_reader_win.cc(123)] NtOpenThread: {Acesso Negado} Um processo solicitou acesso a um objeto, mas o direito de acesso não lhe foi concedido. (0xc0000022)
[0522/114027.331:ERROR:exception_snapshot_win.cc(98)] thread ID 9580 not found in process
[0522/114027.345:ERROR:process_info.cc(329)] VirtualQueryEx: Acesso negado. (0x5)
[0522/114027.345:ERROR:process_info.cc(556)] ReadMemoryInfo failed
[0522/114027.345:ERROR:process_memory_win.cc(39)] Failed to initialize ProcessInfo.
[0522/114027.345:ERROR:scoped_process_suspend.cc(40)] NtResumeProcess: Tentou-se acessar um processo de saída. (0xc000010a)
[0522/114257.193:ERROR:process_reader_win.cc(123)] NtOpenThread: {Acesso Negado} Um processo solicitou acesso a um objeto, mas o direito de acesso não lhe foi concedido. (0xc0000022)
[0522/114257.194:ERROR:process_reader_win.cc(123)] NtOpenThread: {Acesso Negado} Um processo solicitou acesso a um objeto, mas o direito de acesso não lhe foi concedido. (0xc0000022)
[0522/114257.194:ERROR:exception_snapshot_win.cc(98)] thread ID 5852 not found in process
[0522/114257.194:ERROR:exception_snapshot_win.cc(98)] thread ID 5096 not found in process
[0522/114412.126:ERROR:process_reader_win.cc(123)] NtOpenThread: {Acesso Negado} Um processo solicitou acesso a um objeto, mas o direito de acesso não lhe foi concedido. (0xc0000022)
[0522/114412.127:ERROR:exception_snapshot_win.cc(98)] thread ID 4172 not found in process
[0522/114412.143:ERROR:process_info.cc(329)] VirtualQueryEx: Acesso negado. (0x5)
[0522/114412.144:ERROR:process_info.cc(556)] ReadMemoryInfo failed
[0522/114412.144:ERROR:process_memory_win.cc(39)] Failed to initialize ProcessInfo.
[0522/114412.144:ERROR:scoped_process_suspend.cc(40)] NtResumeProcess: Tentou-se acessar um processo de saída. (0xc000010a)
[0522/115157.684:ERROR:process_reader_win.cc(123)] NtOpenThread: {Acesso Negado} Um processo solicitou acesso a um objeto, mas o direito de acesso não lhe foi concedido. (0xc0000022)
[0522/115157.684:ERROR:exception_snapshot_win.cc(98)] thread ID 11020 not found in process
[0522/115157.698:ERROR:process_info.cc(329)] VirtualQueryEx: Acesso negado. (0x5)
[0522/115157.698:ERROR:process_info.cc(556)] ReadMemoryInfo failed
[0522/115157.698:ERROR:process_memory_win.cc(39)] Failed to initialize ProcessInfo.
[0522/115157.698:ERROR:scoped_process_suspend.cc(40)] NtResumeProcess: Tentou-se acessar um processo de saída. (0xc000010a)
[0522/115946.588:ERROR:process_reader_win.cc(123)] NtOpenThread: {Acesso Negado} Um processo solicitou acesso a um objeto, mas o direito de acesso não lhe foi concedido. (0xc0000022)
[0522/115946.589:ERROR:exception_snapshot_win.cc(98)] thread ID 1304 not found in process
[0522/115946.608:ERROR:process_reader_win.cc(108)] process 6580 not found
[0522/115946.608:ERROR:exception_snapshot_win.cc(98)] thread ID 4764 not found in process
[0522/115946.608:ERROR:scoped_process_suspend.cc(40)] NtResumeProcess: Tentou-se acessar um processo de saída. (0xc000010a)
[0522/121042.176:ERROR:process_reader_win.cc(123)] NtOpenThread: {Acesso Negado} Um processo solicitou acesso a um objeto, mas o direito de acesso não lhe foi concedido. (0xc0000022)
[0522/121042.177:ERROR:exception_snapshot_win.cc(98)] thread ID 7280 not found in process
[0522/121042.191:ERROR:process_reader_win.cc(123)] NtOpenThread: {Acesso Negado} Um processo solicitou acesso a um objeto, mas o direito de acesso não lhe foi concedido. (0xc0000022)
[0522/121042.191:ERROR:exception_snapshot_win.cc(98)] thread ID 8112 not found in process
[0522/121042.192:ERROR:scoped_process_suspend.cc(40)] NtResumeProcess: Tentou-se acessar um processo de saída. (0xc000010a)
[0522/121158.294:ERROR:process_reader_win.cc(123)] NtOpenThread: {Acesso Negado} Um processo solicitou acesso a um objeto, mas o direito de acesso não lhe foi concedido. (0xc0000022)
[0522/121158.294:ERROR:exception_snapshot_win.cc(98)] thread ID 11200 not found in process
[0522/121158.312:ERROR:process_info.cc(329)] VirtualQueryEx: Acesso negado. (0x5)
[0522/121158.313:ERROR:process_info.cc(556)] ReadMemoryInfo failed
[0522/121158.313:ERROR:process_memory_win.cc(39)] Failed to initialize ProcessInfo.
[0522/121158.313:ERROR:scoped_process_suspend.cc(40)] NtResumeProcess: Tentou-se acessar um processo de saída. (0xc000010a)
